<?xml version="1.0" encoding="UTF-8" standalone="no"?>
<!DOCTYPE log SYSTEM "logger.dtd">
<log>
<record>
  <date>2022-01-05T16:15:20.208969793Z</date>
  <millis>1641399320208</millis>
  <nanos>969793</nanos>
  <sequence>0</sequence>
  <logger>com.main.virtualmemorymanagementsimulation</logger>
  <level>INFO</level>
  <class>com.main.virtualmemorymanagementsimulation.Scheduler</class>
  <method>loadProcesses</method>
  <thread>1</thread>
  <message>Scheduler: Process 0 loaded at 0.</message>
</record>
<record>
  <date>2022-01-05T16:15:20.280412025Z</date>
  <millis>1641399320280</millis>
  <nanos>412025</nanos>
  <sequence>1</sequence>
  <logger>com.main.virtualmemorymanagementsimulation</logger>
  <level>INFO</level>
  <class>com.main.virtualmemorymanagementsimulation.Scheduler</class>
  <method>loadProcesses</method>
  <thread>1</thread>
  <message>Scheduler: Process 1 loaded at 0.</message>
</record>
<record>
  <date>2022-01-05T16:15:20.282163578Z</date>
  <millis>1641399320282</millis>
  <nanos>163578</nanos>
  <sequence>2</sequence>
  <logger>com.main.virtualmemorymanagementsimulation</logger>
  <level>INFO</level>
  <class>com.main.virtualmemorymanagementsimulation.Process</class>
  <method>run</method>
  <thread>17</thread>
  <message>Process 1 started.</message>
</record>
<record>
  <date>2022-01-05T16:15:20.282233046Z</date>
  <millis>1641399320282</millis>
  <nanos>233046</nanos>
  <sequence>3</sequence>
  <logger>com.main.virtualmemorymanagementsimulation</logger>
  <level>INFO</level>
  <class>com.main.virtualmemorymanagementsimulation.Process</class>
  <method>run</method>
  <thread>16</thread>
  <message>Process 0 started.</message>
</record>
<record>
  <date>2022-01-05T16:15:20.286180824Z</date>
  <millis>1641399320286</millis>
  <nanos>180824</nanos>
  <sequence>4</sequence>
  <logger>com.main.virtualmemorymanagementsimulation</logger>
  <level>INFO</level>
  <class>com.main.virtualmemorymanagementsimulation.Process</class>
  <method>run</method>
  <thread>16</thread>
  <message>Process 0 requested page 0.</message>
</record>
<record>
  <date>2022-01-05T16:15:20.287518033Z</date>
  <millis>1641399320287</millis>
  <nanos>518033</nanos>
  <sequence>5</sequence>
  <logger>com.main.virtualmemorymanagementsimulation</logger>
  <level>INFO</level>
  <class>com.main.virtualmemorymanagementsimulation.Process</class>
  <method>run</method>
  <thread>17</thread>
  <message>Process 1 requested page 0.</message>
</record>
<record>
  <date>2022-01-05T16:15:20.287825884Z</date>
  <millis>1641399320287</millis>
  <nanos>825884</nanos>
  <sequence>6</sequence>
  <logger>com.main.virtualmemorymanagementsimulation</logger>
  <level>INFO</level>
  <class>com.main.virtualmemorymanagementsimulation.Process</class>
  <method>run</method>
  <thread>16</thread>
  <message>Process 0 requested page 1.</message>
</record>
<record>
  <date>2022-01-05T16:15:20.295929281Z</date>
  <millis>1641399320295</millis>
  <nanos>929281</nanos>
  <sequence>7</sequence>
  <logger>com.main.virtualmemorymanagementsimulation</logger>
  <level>INFO</level>
  <class>com.main.virtualmemorymanagementsimulation.MMU</class>
  <method>run</method>
  <thread>15</thread>
  <message>MMU: Process 1 Page 0 loaded in frame 0.</message>
</record>
<record>
  <date>2022-01-05T16:15:20.296828445Z</date>
  <millis>1641399320296</millis>
  <nanos>828445</nanos>
  <sequence>8</sequence>
  <logger>com.main.virtualmemorymanagementsimulation</logger>
  <level>INFO</level>
  <class>com.main.virtualmemorymanagementsimulation.MMU</class>
  <method>run</method>
  <thread>15</thread>
  <message>MMU: Process 0 Page 0 loaded in frame 1.</message>
</record>
<record>
  <date>2022-01-05T16:15:20.298143517Z</date>
  <millis>1641399320298</millis>
  <nanos>143517</nanos>
  <sequence>9</sequence>
  <logger>com.main.virtualmemorymanagementsimulation</logger>
  <level>INFO</level>
  <class>com.main.virtualmemorymanagementsimulation.Process</class>
  <method>run</method>
  <thread>16</thread>
  <message>Process 0 requested page 2.</message>
</record>
<record>
  <date>2022-01-05T16:15:20.303050592Z</date>
  <millis>1641399320303</millis>
  <nanos>50592</nanos>
  <sequence>10</sequence>
  <logger>com.main.virtualmemorymanagementsimulation</logger>
  <level>INFO</level>
  <class>com.main.virtualmemorymanagementsimulation.MMU</class>
  <method>run</method>
  <thread>15</thread>
  <message>MMU: Process 0 Page 1 loaded in frame 2.</message>
</record>
<record>
  <date>2022-01-05T16:15:20.304367814Z</date>
  <millis>1641399320304</millis>
  <nanos>367814</nanos>
  <sequence>11</sequence>
  <logger>com.main.virtualmemorymanagementsimulation</logger>
  <level>INFO</level>
  <class>com.main.virtualmemorymanagementsimulation.Process</class>
  <method>run</method>
  <thread>17</thread>
  <message>Process 1 requested page 1.</message>
</record>
<record>
  <date>2022-01-05T16:15:20.304568294Z</date>
  <millis>1641399320304</millis>
  <nanos>568294</nanos>
  <sequence>12</sequence>
  <logger>com.main.virtualmemorymanagementsimulation</logger>
  <level>INFO</level>
  <class>com.main.virtualmemorymanagementsimulation.Process</class>
  <method>run</method>
  <thread>16</thread>
  <message>Process 0 requested page 3.</message>
</record>
<record>
  <date>2022-01-05T16:15:20.314887775Z</date>
  <millis>1641399320314</millis>
  <nanos>887775</nanos>
  <sequence>13</sequence>
  <logger>com.main.virtualmemorymanagementsimulation</logger>
  <level>INFO</level>
  <class>com.main.virtualmemorymanagementsimulation.MMU</class>
  <method>run</method>
  <thread>15</thread>
  <message>MMU: Process 0 Page 2 loaded in frame 3.</message>
</record>
<record>
  <date>2022-01-05T16:15:20.316328400Z</date>
  <millis>1641399320316</millis>
  <nanos>328400</nanos>
  <sequence>14</sequence>
  <logger>com.main.virtualmemorymanagementsimulation</logger>
  <level>INFO</level>
  <class>com.main.virtualmemorymanagementsimulation.MMU</class>
  <method>run</method>
  <thread>15</thread>
  <message>MMU: Process 1 Page 1 loaded in frame 4.</message>
</record>
<record>
  <date>2022-01-05T16:15:20.318243809Z</date>
  <millis>1641399320318</millis>
  <nanos>243809</nanos>
  <sequence>15</sequence>
  <logger>com.main.virtualmemorymanagementsimulation</logger>
  <level>INFO</level>
  <class>com.main.virtualmemorymanagementsimulation.Process</class>
  <method>run</method>
  <thread>16</thread>
  <message>Process 0 started.</message>
</record>
<record>
  <date>2022-01-05T16:15:20.318473531Z</date>
  <millis>1641399320318</millis>
  <nanos>473531</nanos>
  <sequence>16</sequence>
  <logger>com.main.virtualmemorymanagementsimulation</logger>
  <level>INFO</level>
  <class>com.main.virtualmemorymanagementsimulation.Process</class>
  <method>run</method>
  <thread>17</thread>
  <message>Process 1 started.</message>
</record>
<record>
  <date>2022-01-05T16:15:20.319493167Z</date>
  <millis>1641399320319</millis>
  <nanos>493167</nanos>
  <sequence>17</sequence>
  <logger>com.main.virtualmemorymanagementsimulation</logger>
  <level>INFO</level>
  <class>com.main.virtualmemorymanagementsimulation.Process</class>
  <method>run</method>
  <thread>16</thread>
  <message>Process 0 requested page 4.</message>
</record>
<record>
  <date>2022-01-05T16:15:20.329076513Z</date>
  <millis>1641399320329</millis>
  <nanos>76513</nanos>
  <sequence>18</sequence>
  <logger>com.main.virtualmemorymanagementsimulation</logger>
  <level>INFO</level>
  <class>com.main.virtualmemorymanagementsimulation.Process</class>
  <method>run</method>
  <thread>17</thread>
  <message>Process 1 requested page 2.</message>
</record>
<record>
  <date>2022-01-05T16:15:20.332491644Z</date>
  <millis>1641399320332</millis>
  <nanos>491644</nanos>
  <sequence>19</sequence>
  <logger>com.main.virtualmemorymanagementsimulation</logger>
  <level>INFO</level>
  <class>com.main.virtualmemorymanagementsimulation.MMU</class>
  <method>run</method>
  <thread>15</thread>
  <message>MMU: Process 0 Page 3 loaded in frame 5.</message>
</record>
<record>
  <date>2022-01-05T16:15:20.336265128Z</date>
  <millis>1641399320336</millis>
  <nanos>265128</nanos>
  <sequence>20</sequence>
  <logger>com.main.virtualmemorymanagementsimulation</logger>
  <level>INFO</level>
  <class>com.main.virtualmemorymanagementsimulation.Process</class>
  <method>run</method>
  <thread>16</thread>
  <message>Process 0 requested page 5.</message>
</record>
<record>
  <date>2022-01-05T16:15:20.337239947Z</date>
  <millis>1641399320337</millis>
  <nanos>239947</nanos>
  <sequence>21</sequence>
  <logger>com.main.virtualmemorymanagementsimulation</logger>
  <level>INFO</level>
  <class>com.main.virtualmemorymanagementsimulation.MMU</class>
  <method>run</method>
  <thread>15</thread>
  <message>MMU: Process 0 Page 4 loaded in frame 6.</message>
</record>
<record>
  <date>2022-01-05T16:15:20.338682255Z</date>
  <millis>1641399320338</millis>
  <nanos>682255</nanos>
  <sequence>22</sequence>
  <logger>com.main.virtualmemorymanagementsimulation</logger>
  <level>INFO</level>
  <class>com.main.virtualmemorymanagementsimulation.Process</class>
  <method>run</method>
  <thread>16</thread>
  <message>Process 0 requested page 1.</message>
</record>
<record>
  <date>2022-01-05T16:15:20.338682235Z</date>
  <millis>1641399320338</millis>
  <nanos>682235</nanos>
  <sequence>23</sequence>
  <logger>com.main.virtualmemorymanagementsimulation</logger>
  <level>INFO</level>
  <class>com.main.virtualmemorymanagementsimulation.MMU</class>
  <method>run</method>
  <thread>15</thread>
  <message>MMU: Process 1 Page 2 loaded in frame 7.</message>
</record>
<record>
  <date>2022-01-05T16:15:20.344133973Z</date>
  <millis>1641399320344</millis>
  <nanos>133973</nanos>
  <sequence>24</sequence>
  <logger>com.main.virtualmemorymanagementsimulation</logger>
  <level>INFO</level>
  <class>com.main.virtualmemorymanagementsimulation.Process</class>
  <method>run</method>
  <thread>17</thread>
  <message>Process 1 requested page 3.</message>
</record>
<record>
  <date>2022-01-05T16:15:20.349602880Z</date>
  <millis>1641399320349</millis>
  <nanos>602880</nanos>
  <sequence>25</sequence>
  <logger>com.main.virtualmemorymanagementsimulation</logger>
  <level>INFO</level>
  <class>com.main.virtualmemorymanagementsimulation.MMU</class>
  <method>run</method>
  <thread>15</thread>
  <message>MMU: Process 0 Page 5 loaded in frame 8.</message>
</record>
<record>
  <date>2022-01-05T16:15:20.353596037Z</date>
  <millis>1641399320353</millis>
  <nanos>596037</nanos>
  <sequence>26</sequence>
  <logger>com.main.virtualmemorymanagementsimulation</logger>
  <level>INFO</level>
  <class>com.main.virtualmemorymanagementsimulation.Process</class>
  <method>run</method>
  <thread>16</thread>
  <message>Process 0 started.</message>
</record>
<record>
  <date>2022-01-05T16:15:20.354709444Z</date>
  <millis>1641399320354</millis>
  <nanos>709444</nanos>
  <sequence>27</sequence>
  <logger>com.main.virtualmemorymanagementsimulation</logger>
  <level>INFO</level>
  <class>com.main.virtualmemorymanagementsimulation.MMU</class>
  <method>run</method>
  <thread>15</thread>
  <message>MMU: Process 1 Page 3 loaded in frame 9.</message>
</record>
<record>
  <date>2022-01-05T16:15:20.357030190Z</date>
  <millis>1641399320357</millis>
  <nanos>30190</nanos>
  <sequence>28</sequence>
  <logger>com.main.virtualmemorymanagementsimulation</logger>
  <level>INFO</level>
  <class>com.main.virtualmemorymanagementsimulation.Process</class>
  <method>run</method>
  <thread>16</thread>
  <message>Process 0 requested page 2.</message>
</record>
<record>
  <date>2022-01-05T16:15:20.358064032Z</date>
  <millis>1641399320358</millis>
  <nanos>64032</nanos>
  <sequence>29</sequence>
  <logger>com.main.virtualmemorymanagementsimulation</logger>
  <level>INFO</level>
  <class>com.main.virtualmemorymanagementsimulation.Process</class>
  <method>run</method>
  <thread>17</thread>
  <message>Process 1 started.</message>
</record>
<record>
  <date>2022-01-05T16:15:20.361160703Z</date>
  <millis>1641399320361</millis>
  <nanos>160703</nanos>
  <sequence>30</sequence>
  <logger>com.main.virtualmemorymanagementsimulation</logger>
  <level>INFO</level>
  <class>com.main.virtualmemorymanagementsimulation.Process</class>
  <method>run</method>
  <thread>17</thread>
  <message>Process 1 requested page 4.</message>
</record>
<record>
  <date>2022-01-05T16:15:20.367725264Z</date>
  <millis>1641399320367</millis>
  <nanos>725264</nanos>
  <sequence>31</sequence>
  <logger>com.main.virtualmemorymanagementsimulation</logger>
  <level>INFO</level>
  <class>com.main.virtualmemorymanagementsimulation.Process</class>
  <method>run</method>
  <thread>16</thread>
  <message>Process 0 requested page 3.</message>
</record>
<record>
  <date>2022-01-05T16:15:20.367757436Z</date>
  <millis>1641399320367</millis>
  <nanos>757436</nanos>
  <sequence>32</sequence>
  <logger>com.main.virtualmemorymanagementsimulation</logger>
  <level>INFO</level>
  <class>com.main.virtualmemorymanagementsimulation.MMU</class>
  <method>run</method>
  <thread>15</thread>
  <message>MMU: Process 1 Page 4 loaded in frame 10.</message>
</record>
<record>
  <date>2022-01-05T16:15:20.381345480Z</date>
  <millis>1641399320381</millis>
  <nanos>345480</nanos>
  <sequence>33</sequence>
  <logger>com.main.virtualmemorymanagementsimulation</logger>
  <level>INFO</level>
  <class>com.main.virtualmemorymanagementsimulation.Process</class>
  <method>run</method>
  <thread>17</thread>
  <message>Process 1 requested page 5.</message>
</record>
<record>
  <date>2022-01-05T16:15:20.383934389Z</date>
  <millis>1641399320383</millis>
  <nanos>934389</nanos>
  <sequence>34</sequence>
  <logger>com.main.virtualmemorymanagementsimulation</logger>
  <level>INFO</level>
  <class>com.main.virtualmemorymanagementsimulation.Process</class>
  <method>run</method>
  <thread>16</thread>
  <message>Process 0 requested page 4.</message>
</record>
<record>
  <date>2022-01-05T16:15:20.386655755Z</date>
  <millis>1641399320386</millis>
  <nanos>655755</nanos>
  <sequence>35</sequence>
  <logger>com.main.virtualmemorymanagementsimulation</logger>
  <level>INFO</level>
  <class>com.main.virtualmemorymanagementsimulation.MMU</class>
  <method>run</method>
  <thread>15</thread>
  <message>MMU: Process 1 Page 5 loaded in frame 11.</message>
</record>
<record>
  <date>2022-01-05T16:15:20.388955927Z</date>
  <millis>1641399320388</millis>
  <nanos>955927</nanos>
  <sequence>36</sequence>
  <logger>com.main.virtualmemorymanagementsimulation</logger>
  <level>INFO</level>
  <class>com.main.virtualmemorymanagementsimulation.Process</class>
  <method>run</method>
  <thread>17</thread>
  <message>Process 1 requested page 1.</message>
</record>
<record>
  <date>2022-01-05T16:15:20.389830193Z</date>
  <millis>1641399320389</millis>
  <nanos>830193</nanos>
  <sequence>37</sequence>
  <logger>com.main.virtualmemorymanagementsimulation</logger>
  <level>INFO</level>
  <class>com.main.virtualmemorymanagementsimulation.Process</class>
  <method>run</method>
  <thread>16</thread>
  <message>Process 0 requested page 1.</message>
</record>
<record>
  <date>2022-01-05T16:15:20.393165246Z</date>
  <millis>1641399320393</millis>
  <nanos>165246</nanos>
  <sequence>38</sequence>
  <logger>com.main.virtualmemorymanagementsimulation</logger>
  <level>INFO</level>
  <class>com.main.virtualmemorymanagementsimulation.Process</class>
  <method>run</method>
  <thread>17</thread>
  <message>Process 1 requested page 2.</message>
</record>
<record>
  <date>2022-01-05T16:15:20.393714345Z</date>
  <millis>1641399320393</millis>
  <nanos>714345</nanos>
  <sequence>39</sequence>
  <logger>com.main.virtualmemorymanagementsimulation</logger>
  <level>INFO</level>
  <class>com.main.virtualmemorymanagementsimulation.Process</class>
  <method>run</method>
  <thread>16</thread>
  <message>Process 0 requested page 2.</message>
</record>
<record>
  <date>2022-01-05T16:15:20.397244046Z</date>
  <millis>1641399320397</millis>
  <nanos>244046</nanos>
  <sequence>40</sequence>
  <logger>com.main.virtualmemorymanagementsimulation</logger>
  <level>INFO</level>
  <class>com.main.virtualmemorymanagementsimulation.Process</class>
  <method>run</method>
  <thread>16</thread>
  <message>Process 0 requested page 3.</message>
</record>
<record>
  <date>2022-01-05T16:15:20.401962471Z</date>
  <millis>1641399320401</millis>
  <nanos>962471</nanos>
  <sequence>41</sequence>
  <logger>com.main.virtualmemorymanagementsimulation</logger>
  <level>INFO</level>
  <class>com.main.virtualmemorymanagementsimulation.Process</class>
  <method>run</method>
  <thread>17</thread>
  <message>Process 1 requested page 3.</message>
</record>
<record>
  <date>2022-01-05T16:15:20.409225409Z</date>
  <millis>1641399320409</millis>
  <nanos>225409</nanos>
  <sequence>42</sequence>
  <logger>com.main.virtualmemorymanagementsimulation</logger>
  <level>INFO</level>
  <class>com.main.virtualmemorymanagementsimulation.Process</class>
  <method>run</method>
  <thread>17</thread>
  <message>Process 1 requested page 4.</message>
</record>
<record>
  <date>2022-01-05T16:15:20.413509756Z</date>
  <millis>1641399320413</millis>
  <nanos>509756</nanos>
  <sequence>43</sequence>
  <logger>com.main.virtualmemorymanagementsimulation</logger>
  <level>INFO</level>
  <class>com.main.virtualmemorymanagementsimulation.Process</class>
  <method>run</method>
  <thread>17</thread>
  <message>Process 1 requested page 1.</message>
</record>
<record>
  <date>2022-01-05T16:15:20.413565455Z</date>
  <millis>1641399320413</millis>
  <nanos>565455</nanos>
  <sequence>44</sequence>
  <logger>com.main.virtualmemorymanagementsimulation</logger>
  <level>INFO</level>
  <class>com.main.virtualmemorymanagementsimulation.Process</class>
  <method>run</method>
  <thread>16</thread>
  <message>Process 0 requested page 1.</message>
</record>
<record>
  <date>2022-01-05T16:15:20.416188731Z</date>
  <millis>1641399320416</millis>
  <nanos>188731</nanos>
  <sequence>45</sequence>
  <logger>com.main.virtualmemorymanagementsimulation</logger>
  <level>INFO</level>
  <class>com.main.virtualmemorymanagementsimulation.Process</class>
  <method>run</method>
  <thread>16</thread>
  <message>Process 0 requested page 2.</message>
</record>
<record>
  <date>2022-01-05T16:15:20.419091516Z</date>
  <millis>1641399320419</millis>
  <nanos>91516</nanos>
  <sequence>46</sequence>
  <logger>com.main.virtualmemorymanagementsimulation</logger>
  <level>INFO</level>
  <class>com.main.virtualmemorymanagementsimulation.Process</class>
  <method>run</method>
  <thread>16</thread>
  <message>Process 0 requested page 3.</message>
</record>
<record>
  <date>2022-01-05T16:15:20.419582635Z</date>
  <millis>1641399320419</millis>
  <nanos>582635</nanos>
  <sequence>47</sequence>
  <logger>com.main.virtualmemorymanagementsimulation</logger>
  <level>INFO</level>
  <class>com.main.virtualmemorymanagementsimulation.Process</class>
  <method>run</method>
  <thread>17</thread>
  <message>Process 1 requested page 2.</message>
</record>
<record>
  <date>2022-01-05T16:15:20.425512838Z</date>
  <millis>1641399320425</millis>
  <nanos>512838</nanos>
  <sequence>48</sequence>
  <logger>com.main.virtualmemorymanagementsimulation</logger>
  <level>INFO</level>
  <class>com.main.virtualmemorymanagementsimulation.Process</class>
  <method>run</method>
  <thread>16</thread>
  <message>Process 0 requested page 1.</message>
</record>
<record>
  <date>2022-01-05T16:15:20.428905756Z</date>
  <millis>1641399320428</millis>
  <nanos>905756</nanos>
  <sequence>49</sequence>
  <logger>com.main.virtualmemorymanagementsimulation</logger>
  <level>INFO</level>
  <class>com.main.virtualmemorymanagementsimulation.Process</class>
  <method>run</method>
  <thread>17</thread>
  <message>Process 1 requested page 3.</message>
</record>
<record>
  <date>2022-01-05T16:15:20.429274442Z</date>
  <millis>1641399320429</millis>
  <nanos>274442</nanos>
  <sequence>50</sequence>
  <logger>com.main.virtualmemorymanagementsimulation</logger>
  <level>INFO</level>
  <class>com.main.virtualmemorymanagementsimulation.Process</class>
  <method>run</method>
  <thread>16</thread>
  <message>Process 0 requested page 2.</message>
</record>
<record>
  <date>2022-01-05T16:15:20.430701372Z</date>
  <millis>1641399320430</millis>
  <nanos>701372</nanos>
  <sequence>51</sequence>
  <logger>com.main.virtualmemorymanagementsimulation</logger>
  <level>INFO</level>
  <class>com.main.virtualmemorymanagementsimulation.Process</class>
  <method>run</method>
  <thread>16</thread>
  <message>Process 0 requested page 1.</message>
</record>
<record>
  <date>2022-01-05T16:15:20.432343129Z</date>
  <millis>1641399320432</millis>
  <nanos>343129</nanos>
  <sequence>52</sequence>
  <logger>com.main.virtualmemorymanagementsimulation</logger>
  <level>INFO</level>
  <class>com.main.virtualmemorymanagementsimulation.Process</class>
  <method>run</method>
  <thread>16</thread>
  <message>Process 0 requested page 2.</message>
</record>
<record>
  <date>2022-01-05T16:15:20.434695794Z</date>
  <millis>1641399320434</millis>
  <nanos>695794</nanos>
  <sequence>53</sequence>
  <logger>com.main.virtualmemorymanagementsimulation</logger>
  <level>INFO</level>
  <class>com.main.virtualmemorymanagementsimulation.Process</class>
  <method>run</method>
  <thread>17</thread>
  <message>Process 1 requested page 1.</message>
</record>
<record>
  <date>2022-01-05T16:15:20.436326677Z</date>
  <millis>1641399320436</millis>
  <nanos>326677</nanos>
  <sequence>54</sequence>
  <logger>com.main.virtualmemorymanagementsimulation</logger>
  <level>INFO</level>
  <class>com.main.virtualmemorymanagementsimulation.Process</class>
  <method>run</method>
  <thread>16</thread>
  <message>Process 0 requested page 1.</message>
</record>
<record>
  <date>2022-01-05T16:15:20.440047943Z</date>
  <millis>1641399320440</millis>
  <nanos>47943</nanos>
  <sequence>55</sequence>
  <logger>com.main.virtualmemorymanagementsimulation</logger>
  <level>INFO</level>
  <class>com.main.virtualmemorymanagementsimulation.Process</class>
  <method>run</method>
  <thread>16</thread>
  <message>Process 0 requested page 2.</message>
</record>
<record>
  <date>2022-01-05T16:15:20.441207417Z</date>
  <millis>1641399320441</millis>
  <nanos>207417</nanos>
  <sequence>56</sequence>
  <logger>com.main.virtualmemorymanagementsimulation</logger>
  <level>INFO</level>
  <class>com.main.virtualmemorymanagementsimulation.Process</class>
  <method>run</method>
  <thread>16</thread>
  <message>Process 0 requested page 5.</message>
</record>
<record>
  <date>2022-01-05T16:15:20.441467480Z</date>
  <millis>1641399320441</millis>
  <nanos>467480</nanos>
  <sequence>57</sequence>
  <logger>com.main.virtualmemorymanagementsimulation</logger>
  <level>INFO</level>
  <class>com.main.virtualmemorymanagementsimulation.Process</class>
  <method>run</method>
  <thread>17</thread>
  <message>Process 1 requested page 2.</message>
</record>
<record>
  <date>2022-01-05T16:15:20.442307079Z</date>
  <millis>1641399320442</millis>
  <nanos>307079</nanos>
  <sequence>58</sequence>
  <logger>com.main.virtualmemorymanagementsimulation</logger>
  <level>INFO</level>
  <class>com.main.virtualmemorymanagementsimulation.Process</class>
  <method>run</method>
  <thread>16</thread>
  <message>Process 0 requested page 9.</message>
</record>
<record>
  <date>2022-01-05T16:15:20.445826753Z</date>
  <millis>1641399320445</millis>
  <nanos>826753</nanos>
  <sequence>59</sequence>
  <logger>com.main.virtualmemorymanagementsimulation</logger>
  <level>INFO</level>
  <class>com.main.virtualmemorymanagementsimulation.MMU</class>
  <method>run</method>
  <thread>15</thread>
  <message>MMU: Process 0 Page 9 loaded in frame 12.</message>
</record>
<record>
  <date>2022-01-05T16:15:20.447240461Z</date>
  <millis>1641399320447</millis>
  <nanos>240461</nanos>
  <sequence>60</sequence>
  <logger>com.main.virtualmemorymanagementsimulation</logger>
  <level>INFO</level>
  <class>com.main.virtualmemorymanagementsimulation.Process</class>
  <method>run</method>
  <thread>16</thread>
  <message>Process 0 finished at 3978.</message>
</record>
<record>
  <date>2022-01-05T16:15:20.447253890Z</date>
  <millis>1641399320447</millis>
  <nanos>253890</nanos>
  <sequence>61</sequence>
  <logger>com.main.virtualmemorymanagementsimulation</logger>
  <level>INFO</level>
  <class>com.main.virtualmemorymanagementsimulation.Process</class>
  <method>run</method>
  <thread>17</thread>
  <message>Process 1 requested page 3.</message>
</record>
<record>
  <date>2022-01-05T16:15:20.448750129Z</date>
  <millis>1641399320448</millis>
  <nanos>750129</nanos>
  <sequence>62</sequence>
  <logger>com.main.virtualmemorymanagementsimulation</logger>
  <level>INFO</level>
  <class>com.main.virtualmemorymanagementsimulation.Process</class>
  <method>run</method>
  <thread>17</thread>
  <message>Process 1 requested page 1.</message>
</record>
<record>
  <date>2022-01-05T16:15:20.456311805Z</date>
  <millis>1641399320456</millis>
  <nanos>311805</nanos>
  <sequence>63</sequence>
  <logger>com.main.virtualmemorymanagementsimulation</logger>
  <level>INFO</level>
  <class>com.main.virtualmemorymanagementsimulation.Process</class>
  <method>run</method>
  <thread>17</thread>
  <message>Process 1 requested page 2.</message>
</record>
<record>
  <date>2022-01-05T16:15:20.457252298Z</date>
  <millis>1641399320457</millis>
  <nanos>252298</nanos>
  <sequence>64</sequence>
  <logger>com.main.virtualmemorymanagementsimulation</logger>
  <level>INFO</level>
  <class>com.main.virtualmemorymanagementsimulation.Process</class>
  <method>run</method>
  <thread>17</thread>
  <message>Process 1 requested page 1.</message>
</record>
<record>
  <date>2022-01-05T16:15:20.458352207Z</date>
  <millis>1641399320458</millis>
  <nanos>352207</nanos>
  <sequence>65</sequence>
  <logger>com.main.virtualmemorymanagementsimulation</logger>
  <level>INFO</level>
  <class>com.main.virtualmemorymanagementsimulation.Process</class>
  <method>run</method>
  <thread>17</thread>
  <message>Process 1 requested page 2.</message>
</record>
<record>
  <date>2022-01-05T16:15:20.459267462Z</date>
  <millis>1641399320459</millis>
  <nanos>267462</nanos>
  <sequence>66</sequence>
  <logger>com.main.virtualmemorymanagementsimulation</logger>
  <level>INFO</level>
  <class>com.main.virtualmemorymanagementsimulation.Process</class>
  <method>run</method>
  <thread>17</thread>
  <message>Process 1 requested page 1.</message>
</record>
<record>
  <date>2022-01-05T16:15:20.460224894Z</date>
  <millis>1641399320460</millis>
  <nanos>224894</nanos>
  <sequence>67</sequence>
  <logger>com.main.virtualmemorymanagementsimulation</logger>
  <level>INFO</level>
  <class>com.main.virtualmemorymanagementsimulation.Process</class>
  <method>run</method>
  <thread>17</thread>
  <message>Process 1 requested page 2.</message>
</record>
<record>
  <date>2022-01-05T16:15:20.461109317Z</date>
  <millis>1641399320461</millis>
  <nanos>109317</nanos>
  <sequence>68</sequence>
  <logger>com.main.virtualmemorymanagementsimulation</logger>
  <level>INFO</level>
  <class>com.main.virtualmemorymanagementsimulation.Process</class>
  <method>run</method>
  <thread>17</thread>
  <message>Process 1 requested page 5.</message>
</record>
<record>
  <date>2022-01-05T16:15:20.462255644Z</date>
  <millis>1641399320462</millis>
  <nanos>255644</nanos>
  <sequence>69</sequence>
  <logger>com.main.virtualmemorymanagementsimulation</logger>
  <level>INFO</level>
  <class>com.main.virtualmemorymanagementsimulation.Process</class>
  <method>run</method>
  <thread>17</thread>
  <message>Process 1 requested page 9.</message>
</record>
<record>
  <date>2022-01-05T16:15:20.463923568Z</date>
  <millis>1641399320463</millis>
  <nanos>923568</nanos>
  <sequence>70</sequence>
  <logger>com.main.virtualmemorymanagementsimulation</logger>
  <level>INFO</level>
  <class>com.main.virtualmemorymanagementsimulation.MMU</class>
  <method>run</method>
  <thread>15</thread>
  <message>MMU: Process 1 Page 9 loaded in frame 13.</message>
</record>
<record>
  <date>2022-01-05T16:15:20.465326822Z</date>
  <millis>1641399320465</millis>
  <nanos>326822</nanos>
  <sequence>71</sequence>
  <logger>com.main.virtualmemorymanagementsimulation</logger>
  <level>INFO</level>
  <class>com.main.virtualmemorymanagementsimulation.Process</class>
  <method>run</method>
  <thread>17</thread>
  <message>Process 1 finished at 4288.</message>
</record>
